<?xml version="1.0" encoding="UTF-8"?>
<beans xmlns="http://www.springframework.org/schema/beans" xmlns:xsi="http://www.w3.org/2001/XMLSchema-instance"
	xmlns:c="http://www.springframework.org/schema/c" xsi:schemaLocation="http://www.springframework.org/schema/beans http://www.springframework.org/schema/beans/spring-beans.xsd">

	<bean id="dilbert" class="org.springframework.test.context.junit.jupiter.comics.Person" c:_="Dilbert" />

	<bean id="wally" class="org.springframework.test.context.junit.jupiter.comics.Person" c:_="Wally" />

</beans>
